0.02 3.67342e-39
0.04 -1.96102e-05
0.06 -0.000114504
0.08 -0.000340299
0.1 -0.000749518
0.12 -0.00139463
0.14 -0.00232286
0.16 -0.00358137
0.18 -0.00521054
0.2 -0.00725067
0.22 -0.00973431
0.24 -0.012694
0.26 -0.0161535
0.28 -0.0201366
0.3 -0.0246587
0.32 -0.029735
0.34 -0.0353725
0.36 -0.0415784
0.38 -0.0483525
0.4 -0.0556949
0.42 -0.0635996
0.44 -0.0720608
0.46 -0.0810684
0.48 -0.0906123
0.5 -0.10068
0.52 -0.11126
0.54 -0.12234
0.56 -0.133907
0.58 -0.14595
0.6 -0.158458
0.62 -0.171426
0.64 -0.184846
0.66 -0.198715
0.68 -0.213032
0.7 -0.227802
0.72 -0.243028
0.74 -0.258723
0.76 -0.274897
0.78 -0.291569
0.8 -0.308758
0.82 -0.32649
0.84 -0.34479
0.86 -0.363691
0.88 -0.383227
0.9 -0.403433
0.92 -0.424349
0.94 -0.446017
0.96 -0.468479
0.98 -0.491779
1 -0.515963
1.02 -0.541077
1.04 -0.567165
1.06 -0.594273
1.08 -0.622446
1.1 -0.651727
1.12 -0.682159
1.14 -0.713779
1.16 -0.746627
1.18 -0.780737
1.2 -0.816142
1.22 -0.85287
1.24 -0.890951
1.26 -0.930404
1.28 -0.971252
1.3 -1.01351
1.32 -1.0572
1.34 -1.10231
1.36 -1.14888
1.38 -1.19689
1.4 -1.24636
1.42 -1.29728
1.44 -1.34965
1.46 -1.40347
1.48 -1.45874
1.5 -1.51545
1.52 -1.5736
1.54 -1.63317
1.56 -1.69418
1.58 -1.75661
1.6 -1.82046
1.62 -1.88574
1.64 -1.95243
1.66 -2.02054
1.68 -2.09007
1.7 -2.16104
1.72 -2.23345
1.74 -2.3073
1.76 -2.38262
1.78 -2.45943
1.8 -2.53773
1.82 -2.61756
1.84 -2.69893
1.86 -2.78187
1.88 -2.86642
1.9 -2.9526
1.92 -3.04045
1.94 -3.12999
1.96 -3.22127
1.98 -3.31433
2 -3.40919
2.02 -3.5059
2.04 -3.60449
2.06 -3.705
2.08 -3.80747
2.1 -3.91194
2.12 -4.01843
2.14 -4.12699
2.16 -4.23763
2.18 -4.3504
2.2 -4.46532
2.22 -4.58242
2.24 -4.70171
2.26 -4.82323
2.28 -4.94699
2.3 -5.073
2.32 -5.20128
2.34 -5.33184
2.36 -5.46469
2.38 -5.59985
2.4 -5.73731
2.42 -5.87708
2.44 -6.01916
2.46 -6.16357
2.48 -6.31029
2.5 -6.45933
2.52 -6.61068
2.54 -6.76436
2.56 -6.92036
2.58 -7.07868
2.6 -7.23932
2.62 -7.40229
2.64 -7.56759
2.66 -7.73522
2.68 -7.9052
2.7 -8.07753
2.72 -8.25221
2.74 -8.42927
2.76 -8.60872
2.78 -8.79057
2.8 -8.97484
2.82 -9.16156
2.84 -9.35073
2.86 -9.5424
2.88 -9.73657
2.9 -9.93328
2.92 -10.1326
2.94 -10.3344
2.96 -10.5389
2.98 -10.7461
3 -10.9559
3.02 -11.1685
3.04 -11.3838
3.06 -11.6019
3.08 -11.8228
3.1 -12.0465
3.12 -12.2731
3.14 -12.5026
3.16 -12.735
3.18 -12.9704
3.2 -13.2087
3.22 -13.4501
3.24 -13.6945
3.26 -13.9419
3.28 -14.1923
3.3 -14.4458
3.32 -14.7025
3.34 -14.9622
3.36 -15.225
3.38 -15.4909
3.4 -15.76
3.42 -16.0322
3.44 -16.3075
3.46 -16.586
3.48 -16.8677
3.5 -17.1524
3.52 -17.4404
3.54 -17.7315
3.56 -18.0258
3.58 -18.3233
3.6 -18.6239
3.62 -18.9277
3.64 -19.2347
3.66 -19.5449
3.68 -19.8583
3.7 -20.175
3.72 -20.4948
3.74 -20.8179
3.76 -21.1443
3.78 -21.4739
3.8 -21.8068
3.82 -22.143
3.84 -22.4825
3.86 -22.8254
3.88 -23.1717
3.9 -23.5213
3.92 -23.8744
3.94 -24.2309
3.96 -24.5909
3.98 -24.9543
4 -25.3213
4.02 -25.6918
4.04 -26.0659
4.06 -26.4436
4.08 -26.8249
4.1 -27.2099
4.12 -27.5985
4.14 -27.9908
4.16 -28.3869
4.18 -28.7867
4.2 -29.1903
4.22 -29.5976
4.24 -30.0088
4.26 -30.4238
4.28 -30.8426
4.3 -31.2653
4.32 -31.6918
4.34 -32.1222
4.36 -32.5566
4.38 -32.9948
4.4 -33.4369
4.42 -33.883
4.44 -34.333
4.46 -34.7869
4.48 -35.2448
4.5 -35.7066
4.52 -36.1724
4.54 -36.6422
4.56 -37.1159
4.58 -37.5936
4.6 -38.0753
4.62 -38.561
4.64 -39.0507
4.66 -39.5444
4.68 -40.0421
4.7 -40.5439
4.72 -41.0497
4.74 -41.5596
4.76 -42.0735
4.78 -42.5916
4.8 -43.1137
4.82 -43.64
4.84 -44.1703
4.86 -44.7049
4.88 -45.2436
4.9 -45.7866
4.92 -46.3337
4.94 -46.8851
4.96 -47.4407
4.98 -48.0007
5 -48.5649
5.02 -49.1335
5.04 -49.7064
5.06 -50.2837
5.08 -50.8654
5.1 -51.4515
5.12 -52.0421
5.14 -52.6371
5.16 -53.2366
5.18 -53.8407
5.2 -54.4492
5.22 -55.0623
5.24 -55.6799
5.26 -56.3022
5.28 -56.929
5.3 -57.5604
5.32 -58.1964
5.34 -58.8371
5.36 -59.4824
5.38 -60.1324
5.4 -60.7871
5.42 -61.4464
5.44 -62.1104
5.46 -62.7791
5.48 -63.4525
5.5 -64.1306
5.52 -64.8135
5.54 -65.5011
5.56 -66.1934
5.58 -66.8904
5.6 -67.5923
5.62 -68.2988
5.64 -69.0102
5.66 -69.7263
5.68 -70.4473
5.7 -71.173
5.72 -71.9036
5.74 -72.639
5.76 -73.3792
5.78 -74.1243
5.8 -74.8743
5.82 -75.6292
5.84 -76.3889
5.86 -77.1536
5.88 -77.9233
5.9 -78.6979
5.92 -79.4774
5.94 -80.262
5.96 -81.0516
5.98 -81.8462
6 -82.6459
6.02 -83.4507
6.04 -84.2606
6.06 -85.0755
6.08 -85.8957
6.1 -86.7209
6.12 -87.5514
6.14 -88.3871
6.16 -89.2279
6.18 -90.074
6.2 -90.9254
6.22 -91.782
6.24 -92.6439
6.26 -93.5111
6.28 -94.3836
6.3 -95.2614
6.32 -96.1446
6.34 -97.0331
6.36 -97.927
6.38 -98.8263
6.4 -99.731
6.42 -100.641
6.44 -101.556
6.46 -102.477
6.48 -103.404
6.5 -104.335
6.52 -105.273
6.54 -106.215
6.56 -107.163
6.58 -108.117
6.6 -109.076
6.62 -110.041
6.64 -111.011
6.66 -111.986
6.68 -112.967
6.7 -113.954
6.72 -114.946
6.74 -115.944
6.76 -116.947
6.78 -117.956
6.8 -118.971
6.82 -119.991
6.84 -121.017
6.86 -122.048
6.88 -123.085
6.9 -124.128
6.92 -125.177
6.94 -126.231
6.96 -127.291
6.98 -128.357
7 -129.428
7.02 -130.505
7.04 -131.588
7.06 -132.677
7.08 -133.772
7.1 -134.873
7.12 -135.979
7.14 -137.091
7.16 -138.21
7.18 -139.334
7.2 -140.464
7.22 -141.6
7.24 -142.742
7.26 -143.89
7.28 -145.044
7.3 -146.204
7.32 -147.37
7.34 -148.543
7.36 -149.721
7.38 -150.905
7.4 -152.095
7.42 -153.292
7.44 -154.494
7.46 -155.703
7.48 -156.918
7.5 -158.139
7.52 -159.366
7.54 -160.599
7.56 -161.838
7.58 -163.084
7.6 -164.335
7.62 -165.593
7.64 -166.857
7.66 -168.127
7.68 -169.404
7.7 -170.686
7.72 -171.975
7.74 -173.271
7.76 -174.572
7.78 -175.88
7.8 -177.194
7.82 -178.514
7.84 -179.841
7.86 -181.174
7.88 -182.513
7.9 -183.859
7.92 -185.211
7.94 -186.57
7.96 -187.935
7.98 -189.306
8 -190.684
8.02 -192.068
8.04 -193.459
8.06 -194.856
8.08 -196.26
8.1 -197.67
8.12 -199.087
8.14 -200.511
8.16 -201.941
8.18 -203.377
8.2 -204.82
8.22 -206.27
8.24 -207.726
8.26 -209.19
8.28 -210.659
8.3 -212.136
8.32 -213.619
8.34 -215.109
8.36 -216.605
8.38 -218.108
8.4 -219.618
8.42 -221.135
8.44 -222.658
8.46 -224.188
8.48 -225.725
8.5 -227.269
8.52 -228.82
8.54 -230.377
8.56 -231.941
8.58 -233.512
8.6 -235.09
8.62 -236.675
8.64 -238.266
8.66 -239.865
8.68 -241.47
8.7 -243.082
8.72 -244.701
8.74 -246.327
8.76 -247.96
8.78 -249.6
8.8 -251.247
8.82 -252.9
8.84 -254.561
8.86 -256.229
8.88 -257.904
8.9 -259.585
8.92 -261.274
8.94 -262.97
8.96 -264.673
8.98 -266.383
9 -268.1
9.02 -269.824
9.04 -271.555
9.06 -273.294
9.08 -275.039
9.1 -276.792
9.12 -278.552
9.14 -280.319
9.16 -282.093
9.18 -283.875
9.2 -285.664
9.22 -287.46
9.24 -289.263
9.26 -291.074
9.28 -292.891
9.3 -294.717
9.32 -296.549
9.34 -298.389
9.36 -300.236
9.38 -302.09
9.4 -303.952
9.42 -305.821
9.44 -307.698
9.46 -309.582
9.48 -311.473
9.5 -313.372
9.52 -315.278
9.54 -317.192
9.56 -319.113
9.58 -321.041
9.6 -322.977
9.62 -324.92
9.64 -326.871
9.66 -328.83
9.68 -330.796
9.7 -332.769
9.72 -334.75
9.74 -336.738
9.76 -338.734
9.78 -340.738
9.8 -342.749
9.82 -344.768
9.84 -346.794
9.86 -348.828
9.88 -350.87
9.9 -352.919
9.92 -354.976
9.94 -357.04
9.96 -359.112
9.98 -361.192
10 -363.28
10.02 -365.375
10.04 -367.478
10.06 -369.589
10.08 -371.708
10.1 -373.834
10.12 -375.968
10.14 -378.11
10.16 -380.26
10.18 -382.417
10.2 -384.582
10.22 -386.756
10.24 -388.937
10.26 -391.126
10.28 -393.322
10.3 -395.527
10.32 -397.74
10.34 -399.96
10.36 -402.189
10.38 -404.425
10.4 -406.67
10.42 -408.922
10.44 -411.182
10.46 -413.45
10.48 -415.727
10.5 -418.011
10.52 -420.303
10.54 -422.604
10.56 -424.912
10.58 -427.228
10.6 -429.553
10.62 -431.885
10.64 -434.226
10.66 -436.575
10.68 -438.931
10.7 -441.296
10.72 -443.669
10.74 -446.05
10.76 -448.44
10.78 -450.837
10.8 -453.243
10.82 -455.656
10.84 -458.078
10.86 -460.508
10.88 -462.947
10.9 -465.393
10.92 -467.848
10.94 -470.311
10.96 -472.783
10.98 -475.262
11 -477.75
11.02 -480.246
11.04 -482.751
11.06 -485.263
11.08 -487.785
11.1 -490.314
11.12 -492.852
11.14 -495.398
11.16 -497.953
11.18 -500.516
11.2 -503.087
11.22 -505.667
11.24 -508.255
11.26 -510.852
11.28 -513.457
11.3 -516.071
11.32 -518.693
11.34 -521.323
11.36 -523.963
11.38 -526.61
11.4 -529.266
11.42 -531.931
11.44 -534.604
11.46 -537.286
11.48 -539.976
11.5 -542.675
11.52 -545.382
11.54 -548.098
11.56 -550.823
11.58 -553.556
11.6 -556.298
11.62 -559.049
11.64 -561.808
11.66 -564.575
11.68 -567.352
11.7 -570.137
11.72 -572.931
11.74 -575.733
11.76 -578.544
11.78 -581.364
11.8 -584.193
11.82 -587.03
11.84 -589.876
11.86 -592.731
11.88 -595.595
11.9 -598.467
11.92 -601.348
11.94 -604.238
11.96 -607.137
11.98 -610.045
12 -612.961
12.02 -615.887
12.04 -618.821
12.06 -621.764
12.08 -624.716
12.1 -627.677
12.12 -630.647
12.14 -633.625
12.16 -636.613
12.18 -639.609
12.2 -642.615
12.22 -645.629
12.24 -648.653
12.26 -651.685
12.28 -654.727
12.3 -657.777
12.32 -660.837
12.34 -663.905
12.36 -666.983
12.38 -670.069
12.4 -673.165
12.42 -676.269
12.44 -679.383
12.46 -682.506
12.48 -685.638
12.5 -688.779
12.52 -691.929
12.54 -695.089
12.56 -698.257
12.58 -701.435
12.6 -704.621
12.62 -707.817
12.64 -711.022
12.66 -714.237
12.68 -717.46
12.7 -720.693
12.72 -723.935
12.74 -727.186
12.76 -730.446
12.78 -733.716
12.8 -736.995
12.82 -740.283
12.84 -743.58
12.86 -746.887
12.88 -750.203
12.9 -753.528
12.92 -756.863
12.94 -760.207
12.96 -763.56
12.98 -766.923
13 -770.295
13.02 -773.676
13.04 -777.067
13.06 -780.467
13.08 -783.877
13.1 -787.296
13.12 -790.724
13.14 -794.162
13.16 -797.609
13.18 -801.066
13.2 -804.533
13.22 -808.008
13.24 -811.494
13.26 -814.988
13.28 -818.493
13.3 -822.006
13.32 -825.53
13.34 -829.062
13.36 -832.605
13.38 -836.157
13.4 -839.718
13.42 -843.29
13.44 -846.87
13.46 -850.461
13.48 -854.061
13.5 -857.67
13.52 -861.289
13.54 -864.918
13.56 -868.557
13.58 -872.205
13.6 -875.862
13.62 -879.53
13.64 -883.207
13.66 -886.894
13.68 -890.591
13.7 -894.297
13.72 -898.013
13.74 -901.739
13.76 -905.474
13.78 -909.219
13.8 -912.974
13.82 -916.739
13.84 -920.514
13.86 -924.298
13.88 -928.092
13.9 -931.896
13.92 -935.71
13.94 -939.534
13.96 -943.367
13.98 -947.21
14 -951.064
14.02 -954.927
14.04 -958.8
14.06 -962.682
14.08 -966.575
14.1 -970.478
14.12 -974.39
14.14 -978.313
14.16 -982.245
14.18 -986.188
14.2 -990.14
14.22 -994.103
14.24 -998.075
14.26 -1002.06
14.28 -1006.05
14.3 -1010.05
14.32 -1014.06
14.34 -1018.09
14.36 -1022.12
14.38 -1026.16
14.4 -1030.21
14.42 -1034.28
14.44 -1038.35
14.46 -1042.43
14.48 -1046.53
14.5 -1050.63
14.52 -1054.74
14.54 -1058.87
14.56 -1063
14.58 -1067.14
14.6 -1071.3
14.62 -1075.46
14.64 -1079.63
14.66 -1083.82
14.68 -1088.01
14.7 -1092.22
14.72 -1096.43
14.74 -1100.66
14.76 -1104.89
14.78 -1109.14
14.8 -1113.39
14.82 -1117.66
14.84 -1121.94
14.86 -1126.22
14.88 -1130.52
14.9 -1134.83
14.92 -1139.14
14.94 -1143.47
14.96 -1147.81
14.98 -1152.16
15 -1156.52
15.02 -1160.89
15.04 -1165.27
15.06 -1169.66
15.08 -1174.06
15.1 -1178.47
15.12 -1182.89
15.14 -1187.32
15.16 -1191.76
15.18 -1196.21
15.2 -1200.67
15.22 -1205.15
15.24 -1209.63
15.26 -1214.13
15.28 -1218.63
15.3 -1223.15
15.32 -1227.67
15.34 -1232.21
15.36 -1236.75
15.38 -1241.31
15.4 -1245.88
15.42 -1250.46
15.44 -1255.04
15.46 -1259.64
15.48 -1264.25
15.5 -1268.87
15.52 -1273.5
15.54 -1278.15
15.56 -1282.8
15.58 -1287.46
15.6 -1292.13
15.62 -1296.82
15.64 -1301.51
15.66 -1306.22
15.68 -1310.93
15.7 -1315.66
15.72 -1320.4
15.74 -1325.15
15.76 -1329.9
15.78 -1334.67
15.8 -1339.45
15.82 -1344.24
15.84 -1349.04
15.86 -1353.86
15.88 -1358.68
15.9 -1363.51
15.92 -1368.36
15.94 -1373.21
15.96 -1378.08
15.98 -1382.96
16 -1387.84
16.02 -1392.74
16.04 -1397.65
16.06 -1402.57
16.08 -1407.5
16.1 -1412.44
16.12 -1417.39
16.14 -1422.36
16.16 -1427.33
16.18 -1432.32
16.2 -1437.31
16.22 -1442.32
16.24 -1447.34
16.26 -1452.37
16.28 -1457.41
16.3 -1462.46
16.32 -1467.52
16.34 -1472.59
16.36 -1477.67
16.38 -1482.77
16.4 -1487.87
16.42 -1492.99
16.44 -1498.12
16.46 -1503.25
16.48 -1508.4
16.5 -1513.56
16.52 -1518.73
16.54 -1523.92
16.56 -1529.11
16.58 -1534.31
16.6 -1539.53
16.62 -1544.76
16.64 -1549.99
16.66 -1555.24
16.68 -1560.5
16.7 -1565.77
16.72 -1571.05
16.74 -1576.35
16.76 -1581.65
16.78 -1586.97
16.8 -1592.29
16.82 -1597.63
16.84 -1602.98
16.86 -1608.34
16.88 -1613.71
16.9 -1619.09
16.92 -1624.49
16.94 -1629.89
16.96 -1635.31
16.98 -1640.73
17 -1646.17
17.02 -1651.62
17.04 -1657.08
17.06 -1662.55
17.08 -1668.04
17.1 -1673.53
17.12 -1679.04
17.14 -1684.55
17.16 -1690.08
17.18 -1695.62
17.2 -1701.17
17.22 -1706.74
17.24 -1712.31
17.26 -1717.89
17.28 -1723.49
17.3 -1729.1
17.32 -1734.72
17.34 -1740.35
17.36 -1745.99
17.38 -1751.64
17.4 -1757.31
17.42 -1762.98
17.44 -1768.67
17.46 -1774.37
17.48 -1780.08
17.5 -1785.8
17.52 -1791.53
17.54 -1797.28
17.56 -1803.03
17.58 -1808.8
17.6 -1814.58
17.62 -1820.37
17.64 -1826.17
17.66 -1831.99
17.68 -1837.81
17.7 -1843.65
17.72 -1849.5
17.74 -1855.35
17.76 -1861.23
17.78 -1867.11
17.8 -1873
17.82 -1878.91
17.84 -1884.82
17.86 -1890.75
17.88 -1896.69
17.9 -1902.65
17.92 -1908.61
17.94 -1914.58
17.96 -1920.57
17.98 -1926.57
18 -1932.58
18.02 -1938.6
18.04 -1944.63
18.06 -1950.68
18.08 -1956.74
18.1 -1962.8
18.12 -1968.88
18.14 -1974.98
18.16 -1981.08
18.18 -1987.19
18.2 -1993.32
18.22 -1999.46
18.24 -2005.61
18.26 -2011.77
18.28 -2017.95
18.3 -2024.13
18.32 -2030.33
18.34 -2036.54
18.36 -2042.76
18.38 -2048.99
18.4 -2055.24
18.42 -2061.49
18.44 -2067.76
18.46 -2074.04
18.48 -2080.33
18.5 -2086.63
18.52 -2092.95
18.54 -2099.28
18.56 -2105.62
18.58 -2111.97
18.6 -2118.33
18.62 -2124.7
18.64 -2131.09
18.66 -2137.49
18.68 -2143.9
18.7 -2150.32
18.72 -2156.76
18.74 -2163.2
18.76 -2169.66
18.78 -2176.13
18.8 -2182.61
18.82 -2189.11
18.84 -2195.61
18.86 -2202.13
18.88 -2208.66
18.9 -2215.2
18.92 -2221.75
18.94 -2228.32
18.96 -2234.9
18.98 -2241.49
19 -2248.09
19.02 -2254.7
19.04 -2261.33
19.06 -2267.97
19.08 -2274.62
19.1 -2281.28
19.12 -2287.95
19.14 -2294.64
19.16 -2301.34
19.18 -2308.05
19.2 -2314.77
19.22 -2321.5
19.24 -2328.25
19.26 -2335.01
19.28 -2341.78
19.3 -2348.56
19.32 -2355.36
19.34 -2362.17
19.36 -2368.98
19.38 -2375.82
19.4 -2382.66
19.42 -2389.52
19.44 -2396.38
19.46 -2403.26
19.48 -2410.16
19.5 -2417.06
19.52 -2423.98
19.54 -2430.91
19.56 -2437.85
19.58 -2444.8
19.6 -2451.77
19.62 -2458.75
19.64 -2465.74
19.66 -2472.74
19.68 -2479.76
19.7 -2486.78
19.72 -2493.82
19.74 -2500.87
19.76 -2507.94
19.78 -2515.02
19.8 -2522.1
19.82 -2529.21
19.84 -2536.32
19.86 -2543.44
19.88 -2550.58
19.9 -2557.73
19.92 -2564.9
19.94 -2572.07
19.96 -2579.26
19.98 -2586.46
20 -2593.67
20.02 -2600.9
20.04 -2608.13
20.06 -2615.38
20.08 -2622.65
20.1 -2629.92
20.12 -2637.21
20.14 -2644.51
20.16 -2651.82
20.18 -2659.14
20.2 -2666.48
20.22 -2673.83
20.24 -2681.19
20.26 -2688.56
20.28 -2695.95
20.3 -2703.35
20.32 -2710.76
20.34 -2718.19
20.36 -2725.62
20.38 -2733.07
20.4 -2740.53
20.42 -2748.01
20.44 -2755.5
20.46 -2763
20.48 -2770.51
20.5 -2778.03
20.52 -2785.57
20.54 -2793.12
20.56 -2800.68
20.58 -2808.26
20.6 -2815.84
20.62 -2823.44
20.64 -2831.06
20.66 -2838.68
20.68 -2846.32
20.7 -2853.97
20.72 -2861.63
20.74 -2869.31
20.76 -2877
20.78 -2884.7
20.8 -2892.41
20.82 -2900.14
20.84 -2907.88
20.86 -2915.63
20.88 -2923.4
20.9 -2931.18
20.92 -2938.97
20.94 -2946.77
20.96 -2954.58
20.98 -2962.41
21 -2970.25
21.02 -2978.11
21.04 -2985.98
21.06 -2993.85
21.08 -3001.75
21.1 -3009.65
21.12 -3017.57
21.14 -3025.5
21.16 -3033.44
21.18 -3041.4
21.2 -3049.37
21.22 -3057.35
21.24 -3065.35
21.26 -3073.35
21.28 -3081.37
21.3 -3089.41
21.32 -3097.45
21.34 -3105.51
21.36 -3113.58
21.38 -3121.67
21.4 -3129.77
21.42 -3137.88
21.44 -3146
21.46 -3154.14
21.48 -3162.29
21.5 -3170.45
21.52 -3178.62
21.54 -3186.81
21.56 -3195.01
21.58 -3203.23
21.6 -3211.45
21.62 -3219.69
21.64 -3227.94
21.66 -3236.21
21.68 -3244.49
21.7 -3252.78
21.72 -3261.08
21.74 -3269.4
21.76 -3277.73
21.78 -3286.08
21.8 -3294.43
21.82 -3302.8
21.84 -3311.19
21.86 -3319.58
21.88 -3327.99
21.9 -3336.41
21.92 -3344.85
21.94 -3353.29
21.96 -3361.76
21.98 -3370.23
22 -3378.72
22.02 -3387.22
22.04 -3395.73
22.06 -3404.26
22.08 -3412.8
22.1 -3421.35
22.12 -3429.92
22.14 -3438.49
22.16 -3447.09
22.18 -3455.69
22.2 -3464.31
22.22 -3472.94
22.24 -3481.59
22.26 -3490.24
22.28 -3498.91
22.3 -3507.6
22.32 -3516.3
22.34 -3525.01
22.36 -3533.73
22.38 -3542.47
22.4 -3551.22
22.42 -3559.98
22.44 -3568.76
22.46 -3577.55
22.48 -3586.35
22.5 -3595.17
22.52 -3604
22.54 -3612.84
22.56 -3621.7
22.58 -3630.56
22.6 -3639.45
22.62 -3648.34
22.64 -3657.25
22.66 -3666.17
22.68 -3675.11
22.7 -3684.06
22.72 -3693.02
22.74 -3702
22.76 -3710.99
22.78 -3719.99
22.8 -3729
22.82 -3738.03
22.84 -3747.08
22.86 -3756.13
22.88 -3765.2
22.9 -3774.28
22.92 -3783.38
22.94 -3792.49
22.96 -3801.61
22.98 -3810.75
23 -3819.9
23.02 -3829.06
23.04 -3838.24
23.06 -3847.43
23.08 -3856.63
23.1 -3865.85
23.12 -3875.08
23.14 -3884.32
23.16 -3893.58
23.18 -3902.85
23.2 -3912.13
23.22 -3921.43
23.24 -3930.74
23.26 -3940.06
23.28 -3949.4
23.3 -3958.75
23.32 -3968.12
23.34 -3977.49
23.36 -3986.89
23.38 -3996.29
23.4 -4005.71
23.42 -4015.14
23.44 -4024.59
23.46 -4034.05
23.48 -4043.52
23.5 -4053.01
23.52 -4062.51
23.54 -4072.02
23.56 -4081.55
23.58 -4091.09
23.6 -4100.64
23.62 -4110.21
23.64 -4119.79
23.66 -4129.39
23.68 -4139
23.7 -4148.62
23.72 -4158.25
23.74 -4167.9
23.76 -4177.57
23.78 -4187.24
23.8 -4196.93
23.82 -4206.64
23.84 -4216.36
23.86 -4226.09
23.88 -4235.83
23.9 -4245.59
23.92 -4255.36
23.94 -4265.15
23.96 -4274.95
23.98 -4284.76
24 -4294.59
24.02 -4304.43
24.04 -4314.29
24.06 -4324.15
24.08 -4334.04
24.1 -4343.93
24.12 -4353.84
24.14 -4363.77
24.16 -4373.7
24.18 -4383.65
24.2 -4393.62
24.22 -4403.6
24.24 -4413.59
24.26 -4423.6
24.28 -4433.61
24.3 -4443.65
24.32 -4453.7
24.34 -4463.76
24.36 -4473.83
24.38 -4483.92
24.4 -4494.02
24.42 -4504.14
24.44 -4514.27
24.46 -4524.41
24.48 -4534.57
24.5 -4544.74
24.52 -4554.93
24.54 -4565.13
24.56 -4575.34
24.58 -4585.57
24.6 -4595.81
24.62 -4606.07
24.64 -4616.33
24.66 -4626.62
24.68 -4636.91
24.7 -4647.22
24.72 -4657.55
24.74 -4667.89
24.76 -4678.24
24.78 -4688.61
24.8 -4698.99
24.82 -4709.38
24.84 -4719.79
24.86 -4730.21
24.88 -4740.65
24.9 -4751.1
24.92 -4761.56
24.94 -4772.04
24.96 -4782.53
24.98 -4793.04
25 -4803.56
25.02 -4814.09
25.04 -4824.64
25.06 -4835.2
25.08 -4845.78
25.1 -4856.37
25.12 -4866.97
25.14 -4877.59
25.16 -4888.22
25.18 -4898.87
25.2 -4909.53
25.22 -4920.2
25.24 -4930.89
25.26 -4941.59
25.28 -4952.31
25.3 -4963.04
25.32 -4973.78
25.34 -4984.54
25.36 -4995.31
25.38 -5006.1
25.4 -5016.9
25.42 -5027.72
25.44 -5038.55
25.46 -5049.39
25.48 -5060.25
25.5 -5071.12
25.52 -5082
25.54 -5092.9
25.56 -5103.82
25.58 -5114.75
25.6 -5125.69
25.62 -5136.64
25.64 -5147.61
25.66 -5158.6
25.68 -5169.6
25.7 -5180.61
25.72 -5191.64
25.74 -5202.68
25.76 -5213.74
25.78 -5224.81
25.8 -5235.89
25.82 -5246.99
25.84 -5258.1
25.86 -5269.23
25.88 -5280.37
25.9 -5291.52
25.92 -5302.69
25.94 -5313.88
25.96 -5325.08
25.98 -5336.29
26 -5347.51
26.02 -5358.75
26.04 -5370.01
26.06 -5381.28
26.08 -5392.56
26.1 -5403.86
26.12 -5415.17
26.14 -5426.5
26.16 -5437.84
26.18 -5449.2
26.2 -5460.57
26.22 -5471.95
26.24 -5483.35
26.26 -5494.76
26.28 -5506.19
26.3 -5517.63
26.32 -5529.08
26.34 -5540.55
26.36 -5552.04
26.38 -5563.54
26.4 -5575.05
26.42 -5586.58
26.44 -5598.12
26.46 -5609.68
26.48 -5621.25
26.5 -5632.83
26.52 -5644.43
26.54 -5656.04
26.56 -5667.67
26.58 -5679.31
26.6 -5690.97
26.62 -5702.64
26.64 -5714.33
26.66 -5726.03
26.68 -5737.74
26.7 -5749.47
26.72 -5761.22
26.74 -5772.98
26.76 -5784.75
26.78 -5796.54
26.8 -5808.34
26.82 -5820.15
26.84 -5831.98
26.86 -5843.83
26.88 -5855.69
26.9 -5867.56
26.92 -5879.45
26.94 -5891.35
26.96 -5903.27
26.98 -5915.2
27 -5927.15
27.02 -5939.11
27.04 -5951.09
27.06 -5963.08
27.08 -5975.08
27.1 -5987.1
27.12 -5999.14
27.14 -6011.18
27.16 -6023.25
27.18 -6035.32
27.2 -6047.42
27.22 -6059.52
27.24 -6071.64
27.26 -6083.78
27.28 -6095.93
27.3 -6108.1
27.32 -6120.28
27.34 -6132.47
27.36 -6144.68
27.38 -6156.9
27.4 -6169.14
27.42 -6181.39
27.44 -6193.66
27.46 -6205.94
27.48 -6218.24
27.5 -6230.55
27.52 -6242.88
27.54 -6255.22
27.56 -6267.57
27.58 -6279.94
27.6 -6292.33
27.62 -6304.73
27.64 -6317.14
27.66 -6329.57
27.68 -6342.02
27.7 -6354.47
27.72 -6366.95
27.74 -6379.43
27.76 -6391.94
27.78 -6404.45
27.8 -6416.99
27.82 -6429.53
27.84 -6442.09
27.86 -6454.67
27.88 -6467.26
27.9 -6479.87
27.92 -6492.49
27.94 -6505.12
27.96 -6517.77
27.98 -6530.44
28 -6543.12
28.02 -6555.81
28.04 -6568.52
28.06 -6581.24
28.08 -6593.98
28.1 -6606.73
28.12 -6619.5
28.14 -6632.29
28.16 -6645.08
28.18 -6657.9
28.2 -6670.72
28.22 -6683.57
28.24 -6696.42
28.26 -6709.29
28.28 -6722.18
28.3 -6735.08
28.32 -6748
28.34 -6760.93
28.36 -6773.88
28.38 -6786.84
28.4 -6799.81
28.42 -6812.81
28.44 -6825.81
28.46 -6838.83
28.48 -6851.87
28.5 -6864.92
28.52 -6877.98
28.54 -6891.06
28.56 -6904.16
28.58 -6917.27
28.6 -6930.39
28.62 -6943.53
28.64 -6956.69
28.66 -6969.86
28.68 -6983.04
28.7 -6996.24
28.72 -7009.46
28.74 -7022.69
28.76 -7035.93
28.78 -7049.19
28.8 -7062.46
28.82 -7075.75
28.84 -7089.06
28.86 -7102.38
28.88 -7115.71
28.9 -7129.06
28.92 -7142.42
28.94 -7155.8
28.96 -7169.2
28.98 -7182.61
29 -7196.03
29.02 -7209.47
29.04 -7222.93
29.06 -7236.4
29.08 -7249.88
29.1 -7263.38
29.12 -7276.89
29.14 -7290.42
29.16 -7303.97
29.18 -7317.53
29.2 -7331.1
29.22 -7344.69
29.24 -7358.3
29.26 -7371.92
29.28 -7385.55
29.3 -7399.2
29.32 -7412.87
29.34 -7426.55
29.36 -7440.24
29.38 -7453.95
29.4 -7467.68
29.42 -7481.42
29.44 -7495.17
29.46 -7508.95
29.48 -7522.73
29.5 -7536.53
29.52 -7550.35
29.54 -7564.18
29.56 -7578.03
29.58 -7591.89
29.6 -7605.76
29.62 -7619.66
29.64 -7633.56
29.66 -7647.49
29.68 -7661.42
29.7 -7675.38
29.72 -7689.34
29.74 -7703.33
29.76 -7717.33
29.78 -7731.34
29.8 -7745.37
29.82 -7759.41
29.84 -7773.47
29.86 -7787.54
29.88 -7801.63
29.9 -7815.74
29.92 -7829.86
29.94 -7843.99
29.96 -7858.14
29.98 -7872.31
30 -7886.49
